<?xml version="1.0" encoding="UTF-8"?>
<!-- Generated by org.testng.reporters.JUnitReportReporter -->
<testsuite hostname="AnuLaptop" failures="0" tests="6" name="com.testscenarios.TS_02_VerifyUserwillAbleToLogin_Logout" time="12.481" errors="0" timestamp="2025-05-01T09:50:26 MST" skipped="0">
  <testcase classname="com.testscenarios.TS_02_VerifyUserwillAbleToLogin_Logout" name="TC_09" time="1.058"/>
  <testcase classname="com.testscenarios.TS_02_VerifyUserwillAbleToLogin_Logout" name="TC_11" time="2.054"/>
  <testcase classname="com.testscenarios.TS_02_VerifyUserwillAbleToLogin_Logout" name="TC_07" time="0.841"/>
  <testcase classname="com.testscenarios.TS_02_VerifyUserwillAbleToLogin_Logout" name="TC_10" time="1.171"/>
  <testcase classname="com.testscenarios.TS_02_VerifyUserwillAbleToLogin_Logout" name="TC_08" time="0.675"/>
  <testcase classname="com.testscenarios.TS_02_VerifyUserwillAbleToLogin_Logout" name="TC_06" time="6.682"/>
</testsuite> <!-- com.testscenarios.TS_02_VerifyUserwillAbleToLogin_Logout -->
