<?xml version="1.0" encoding="UTF-8"?>
<!-- Generated by org.testng.reporters.JUnitReportReporter -->
<testsuite hostname="SeenaReddy" failures="0" tests="1" name="com.testscenarios.Retest_Fblogin" time="58.206" errors="0" timestamp="2025-05-05T18:50:21 MDT" skipped="0">
  <testcase classname="com.testscenarios.Retest_Fblogin" name="f" time="58.206"/>
</testsuite> <!-- com.testscenarios.Retest_Fblogin -->
