<?xml version="1.0" encoding="UTF-8"?>
<!-- Generated by org.testng.reporters.JUnitReportReporter -->
<testsuite hostname="SeenaReddy" failures="0" tests="1" name="com.testscenarios.Fblogin" time="5.301" errors="0" timestamp="2025-04-29T18:54:50 MDT" skipped="0">
  <testcase classname="com.testscenarios.Fblogin" name="f" time="5.301"/>
</testsuite> <!-- com.testscenarios.Fblogin -->
