<?xml version="1.0" encoding="UTF-8"?>
<!-- Generated by org.testng.reporters.JUnitReportReporter -->
<testsuite hostname="SeenaReddy" failures="0" tests="1" name="com.testscenarios.Fblogin" time="7.583" errors="0" timestamp="2025-05-03T07:57:37 MDT" skipped="0">
  <testcase classname="com.testscenarios.Fblogin" name="f" time="7.583"/>
</testsuite> <!-- com.testscenarios.Fblogin -->
