<?xml version="1.0" encoding="UTF-8"?>
<!-- Generated by org.testng.reporters.JUnitReportReporter -->
<testsuite hostname="AnuLaptop" failures="0" tests="6" name="com.testscenarios.TS_02_VerifyUserwillAbleToLogin_Logout" time="12.349" errors="0" timestamp="2025-05-09T16:54:43 MST" skipped="0">
  <testcase classname="com.testscenarios.TS_02_VerifyUserwillAbleToLogin_Logout" name="TC_06" time="6.532"/>
  <testcase classname="com.testscenarios.TS_02_VerifyUserwillAbleToLogin_Logout" name="TC_10" time="1.113"/>
  <testcase classname="com.testscenarios.TS_02_VerifyUserwillAbleToLogin_Logout" name="TC_11" time="1.913"/>
  <testcase classname="com.testscenarios.TS_02_VerifyUserwillAbleToLogin_Logout" name="TC_09" time="0.792"/>
  <testcase classname="com.testscenarios.TS_02_VerifyUserwillAbleToLogin_Logout" name="TC_07" time="0.652"/>
  <testcase classname="com.testscenarios.TS_02_VerifyUserwillAbleToLogin_Logout" name="TC_08" time="1.347"/>
</testsuite> <!-- com.testscenarios.TS_02_VerifyUserwillAbleToLogin_Logout -->
