<?xml version="1.0" encoding="UTF-8"?>
<!-- Generated by org.testng.reporters.JUnitReportReporter -->
<testsuite hostname="SeenaReddy" failures="0" tests="1" name="com.testscenarios.FBloginWithDB" time="12.098" errors="0" timestamp="2025-05-14T18:32:22 MDT" skipped="0">
  <testcase classname="com.testscenarios.FBloginWithDB" name="fbloginUsingDB" time="12.098"/>
</testsuite> <!-- com.testscenarios.FBloginWithDB -->
