<?xml version="1.0" encoding="UTF-8"?>
<!-- Generated by org.testng.reporters.JUnitReportReporter -->
<testsuite hostname="SeenaReddy" failures="0" tests="1" name="com.testscenarios.PodFoodsAssignment" time="15.982" errors="0" timestamp="2025-04-29T18:30:19 MDT" skipped="0">
  <testcase classname="com.testscenarios.PodFoodsAssignment" name="f" time="15.982"/>
</testsuite> <!-- com.testscenarios.PodFoodsAssignment -->
