<?xml version="1.0" encoding="UTF-8"?>
<!-- Generated by org.testng.reporters.JUnitReportReporter -->
<testsuite hostname="SeenaReddy" failures="0" tests="1" name="com.testscenarios.DDF_OSDemoAssignment" time="64.857" errors="0" timestamp="2025-05-06T18:17:30 MDT" skipped="0">
  <testcase classname="com.testscenarios.DDF_OSDemoAssignment" name="testnew" time="64.857"/>
</testsuite> <!-- com.testscenarios.DDF_OSDemoAssignment -->
