<?xml version="1.0" encoding="UTF-8"?>
<!-- Generated by org.testng.reporters.JUnitReportReporter -->
<testsuite hostname="AnuLaptop" failures="0" tests="1" name="com.testscenarios.PodFoodsAssignment" time="14.791" errors="0" timestamp="2025-04-29T10:32:24 MST" skipped="0">
  <testcase classname="com.testscenarios.PodFoodsAssignment" name="f" time="14.791"/>
</testsuite> <!-- com.testscenarios.PodFoodsAssignment -->
