<?xml version="1.0" encoding="UTF-8"?>
<!-- Generated by org.testng.reporters.JUnitReportReporter -->
<testsuite hostname="SeenaReddy" failures="0" tests="4" name="com.testscenarios.TS_01_Register" time="23.492" errors="0" timestamp="2025-05-05T18:40:36 MDT" skipped="0">
  <testcase classname="com.testscenarios.TS_01_Register" name="tc_01" time="13.138"/>
  <testcase classname="com.testscenarios.TS_01_Register" name="tc_02" time="3.939"/>
  <testcase classname="com.testscenarios.TS_01_Register" name="tc_05" time="6.339"/>
  <testcase classname="com.testscenarios.TS_01_Register" name="tc_03_and_04" time="0.076"/>
</testsuite> <!-- com.testscenarios.TS_01_Register -->
