<?xml version="1.0" encoding="UTF-8"?>
<!-- Generated by org.testng.reporters.JUnitReportReporter -->
<testsuite hostname="SeenaReddy" failures="0" tests="3" name="com.testscenarios.TS_02_VerifyUserwillAbleToLogin_Logout" time="15.371" errors="0" timestamp="2025-04-30T18:56:22 MDT" skipped="0">
  <testcase classname="com.testscenarios.TS_02_VerifyUserwillAbleToLogin_Logout" name="TC_07" time="2.690"/>
  <testcase classname="com.testscenarios.TS_02_VerifyUserwillAbleToLogin_Logout" name="TC_06" time="10.612"/>
  <testcase classname="com.testscenarios.TS_02_VerifyUserwillAbleToLogin_Logout" name="TC_08" time="2.069"/>
</testsuite> <!-- com.testscenarios.TS_02_VerifyUserwillAbleToLogin_Logout -->
