<?xml version="1.0" encoding="UTF-8"?>
<!-- Generated by org.testng.reporters.JUnitReportReporter -->
<testsuite hostname="SeenaReddy" failures="0" tests="3" name="com.testscenarios.FbRetestWithDataProvider" time="24.170" errors="0" timestamp="2025-05-06T18:28:11 MDT" skipped="0">
  <testcase classname="com.testscenarios.FbRetestWithDataProvider" name="f" time="7.363"/>
  <testcase classname="com.testscenarios.FbRetestWithDataProvider" name="f" time="7.207"/>
  <testcase classname="com.testscenarios.FbRetestWithDataProvider" name="f" time="9.600"/>
</testsuite> <!-- com.testscenarios.FbRetestWithDataProvider -->
