<?xml version="1.0" encoding="UTF-8"?>
<!-- Generated by org.testng.reporters.JUnitReportReporter -->
<testsuite hostname="SeenaReddy" failures="0" tests="1" name="com.testscenarios.JRI" time="8.403" errors="0" timestamp="2025-05-01T18:46:04 MDT" skipped="0">
  <testcase classname="com.testscenarios.JRI" name="testnew" time="8.403"/>
</testsuite> <!-- com.testscenarios.JRI -->
