<?xml version="1.0" encoding="UTF-8"?>
<!-- Generated by org.testng.reporters.JUnitReportReporter -->
<testsuite hostname="SeenaReddy" failures="0" tests="1" name="com.testscenarios.Fblogin" time="12.595" errors="0" timestamp="2025-05-05T18:12:18 MDT" skipped="0">
  <testcase classname="com.testscenarios.Fblogin" name="f" time="12.595"/>
</testsuite> <!-- com.testscenarios.Fblogin -->
